<?xml version="1.0" encoding="UTF-8"?>
<testng-results skipped="0" failed="0" ignored="0" total="1" passed="1">
  <reporter-output>
  </reporter-output>
  <suite name="Suite" duration-ms="6985" started-at="2019-11-04T06:47:54Z" finished-at="2019-11-04T06:48:01Z">
    <groups>
    </groups>
    <test name="Test" duration-ms="6985" started-at="2019-11-04T06:47:54Z" finished-at="2019-11-04T06:48:01Z">
      <class name="pack1.p1">
        <test-method status="PASS" signature="test()[pri:0, instance:pack1.p1@5c0369c4]" name="test" duration-ms="6970" started-at="2019-11-04T06:47:54Z" finished-at="2019-11-04T06:48:01Z">
          <reporter-output>
          </reporter-output>
        </test-method> <!-- test -->
      </class> <!-- pack1.p1 -->
    </test> <!-- Test -->
  </suite> <!-- Suite -->
</testng-results>
